{"C:\\Users\\m\\Desktop\\ticket_reimbursement_system\\src\\controllers\\ticketController.js": {"path":"C:\\Users\\m\\Desktop\\ticket_reimbursement_system\\src\\controllers\\ticketController.js","statementMap":{"0":{"start":{"line":1,"column":16},"end":{"line":1,"column":34}},"1":{"start":{"line":2,"column":21},"end":{"line":2,"column":37}},"2":{"start":{"line":3,"column":22},"end":{"line":3,"column":58}},"3":{"start":{"line":4,"column":15},"end":{"line":4,"column":40}},"4":{"start":{"line":6,"column":30},"end":{"line":6,"column":52}},"5":{"start":{"line":8,"column":0},"end":{"line":8,"column":36}},"6":{"start":{"line":10,"column":0},"end":{"line":30,"column":3}},"7":{"start":{"line":11,"column":4},"end":{"line":29,"column":5}},"8":{"start":{"line":12,"column":27},"end":{"line":12,"column":35}},"9":{"start":{"line":14,"column":8},"end":{"line":16,"column":9}},"10":{"start":{"line":15,"column":12},"end":{"line":15,"column":72}},"11":{"start":{"line":18,"column":26},"end":{"line":18,"column":70}},"12":{"start":{"line":19,"column":8},"end":{"line":26,"column":9}},"13":{"start":{"line":20,"column":12},"end":{"line":23,"column":15}},"14":{"start":{"line":25,"column":12},"end":{"line":25,"column":72}},"15":{"start":{"line":28,"column":8},"end":{"line":28,"column":87}},"16":{"start":{"line":35,"column":0},"end":{"line":60,"column":3}},"17":{"start":{"line":36,"column":4},"end":{"line":59,"column":5}},"18":{"start":{"line":37,"column":40},"end":{"line":37,"column":50}},"19":{"start":{"line":38,"column":30},"end":{"line":38,"column":38}},"20":{"start":{"line":40,"column":8},"end":{"line":42,"column":9}},"21":{"start":{"line":41,"column":12},"end":{"line":41,"column":87}},"22":{"start":{"line":44,"column":8},"end":{"line":46,"column":9}},"23":{"start":{"line":45,"column":12},"end":{"line":45,"column":79}},"24":{"start":{"line":48,"column":30},"end":{"line":48,"column":100}},"25":{"start":{"line":49,"column":8},"end":{"line":56,"column":9}},"26":{"start":{"line":50,"column":12},"end":{"line":53,"column":15}},"27":{"start":{"line":55,"column":12},"end":{"line":55,"column":77}},"28":{"start":{"line":58,"column":8},"end":{"line":58,"column":87}},"29":{"start":{"line":62,"column":0},"end":{"line":82,"column":3}},"30":{"start":{"line":63,"column":4},"end":{"line":81,"column":5}},"31":{"start":{"line":65,"column":8},"end":{"line":67,"column":9}},"32":{"start":{"line":66,"column":12},"end":{"line":66,"column":73}},"33":{"start":{"line":69,"column":31},"end":{"line":69,"column":70}},"34":{"start":{"line":71,"column":8},"end":{"line":78,"column":9}},"35":{"start":{"line":72,"column":12},"end":{"line":75,"column":15}},"36":{"start":{"line":77,"column":12},"end":{"line":77,"column":74}},"37":{"start":{"line":80,"column":8},"end":{"line":80,"column":87}},"38":{"start":{"line":84,"column":0},"end":{"line":99,"column":3}},"39":{"start":{"line":85,"column":4},"end":{"line":98,"column":5}},"40":{"start":{"line":86,"column":29},"end":{"line":86,"column":39}},"41":{"start":{"line":87,"column":24},"end":{"line":87,"column":70}},"42":{"start":{"line":88,"column":8},"end":{"line":95,"column":9}},"43":{"start":{"line":89,"column":12},"end":{"line":92,"column":15}},"44":{"start":{"line":94,"column":12},"end":{"line":94,"column":80}},"45":{"start":{"line":97,"column":8},"end":{"line":97,"column":87}},"46":{"start":{"line":101,"column":0},"end":{"line":120,"column":5}},"47":{"start":{"line":102,"column":4},"end":{"line":119,"column":5}},"48":{"start":{"line":103,"column":6},"end":{"line":105,"column":7}},"49":{"start":{"line":104,"column":9},"end":{"line":104,"column":70}},"50":{"start":{"line":107,"column":27},"end":{"line":107,"column":37}},"51":{"start":{"line":108,"column":22},"end":{"line":108,"column":68}},"52":{"start":{"line":109,"column":6},"end":{"line":116,"column":7}},"53":{"start":{"line":110,"column":8},"end":{"line":113,"column":11}},"54":{"start":{"line":115,"column":8},"end":{"line":115,"column":76}},"55":{"start":{"line":118,"column":6},"end":{"line":118,"column":85}},"56":{"start":{"line":123,"column":0},"end":{"line":123,"column":30}}},"fnMap":{"0":{"name":"(anonymous_0)","decl":{"start":{"line":10,"column":23},"end":{"line":10,"column":24}},"loc":{"start":{"line":10,"column":43},"end":{"line":30,"column":1}},"line":10},"1":{"name":"(anonymous_1)","decl":{"start":{"line":35,"column":44},"end":{"line":35,"column":45}},"loc":{"start":{"line":35,"column":64},"end":{"line":60,"column":1}},"line":35},"2":{"name":"(anonymous_2)","decl":{"start":{"line":62,"column":29},"end":{"line":62,"column":30}},"loc":{"start":{"line":62,"column":49},"end":{"line":82,"column":1}},"line":62},"3":{"name":"(anonymous_3)","decl":{"start":{"line":84,"column":31},"end":{"line":84,"column":32}},"loc":{"start":{"line":84,"column":51},"end":{"line":99,"column":1}},"line":84},"4":{"name":"(anonymous_4)","decl":{"start":{"line":101,"column":39},"end":{"line":101,"column":40}},"loc":{"start":{"line":101,"column":59},"end":{"line":120,"column":3}},"line":101}},"branchMap":{"0":{"loc":{"start":{"line":14,"column":8},"end":{"line":16,"column":9}},"type":"if","locations":[{"start":{"line":14,"column":8},"end":{"line":16,"column":9}},{"start":{},"end":{}}],"line":14},"1":{"loc":{"start":{"line":19,"column":8},"end":{"line":26,"column":9}},"type":"if","locations":[{"start":{"line":19,"column":8},"end":{"line":26,"column":9}},{"start":{"line":24,"column":15},"end":{"line":26,"column":9}}],"line":19},"2":{"loc":{"start":{"line":40,"column":8},"end":{"line":42,"column":9}},"type":"if","locations":[{"start":{"line":40,"column":8},"end":{"line":42,"column":9}},{"start":{},"end":{}}],"line":40},"3":{"loc":{"start":{"line":44,"column":8},"end":{"line":46,"column":9}},"type":"if","locations":[{"start":{"line":44,"column":8},"end":{"line":46,"column":9}},{"start":{},"end":{}}],"line":44},"4":{"loc":{"start":{"line":49,"column":8},"end":{"line":56,"column":9}},"type":"if","locations":[{"start":{"line":49,"column":8},"end":{"line":56,"column":9}},{"start":{"line":54,"column":15},"end":{"line":56,"column":9}}],"line":49},"5":{"loc":{"start":{"line":65,"column":8},"end":{"line":67,"column":9}},"type":"if","locations":[{"start":{"line":65,"column":8},"end":{"line":67,"column":9}},{"start":{},"end":{}}],"line":65},"6":{"loc":{"start":{"line":71,"column":8},"end":{"line":78,"column":9}},"type":"if","locations":[{"start":{"line":71,"column":8},"end":{"line":78,"column":9}},{"start":{"line":76,"column":15},"end":{"line":78,"column":9}}],"line":71},"7":{"loc":{"start":{"line":71,"column":12},"end":{"line":71,"column":55}},"type":"binary-expr","locations":[{"start":{"line":71,"column":12},"end":{"line":71,"column":26}},{"start":{"line":71,"column":30},"end":{"line":71,"column":55}}],"line":71},"8":{"loc":{"start":{"line":88,"column":8},"end":{"line":95,"column":9}},"type":"if","locations":[{"start":{"line":88,"column":8},"end":{"line":95,"column":9}},{"start":{"line":93,"column":15},"end":{"line":95,"column":9}}],"line":88},"9":{"loc":{"start":{"line":88,"column":12},"end":{"line":88,"column":41}},"type":"binary-expr","locations":[{"start":{"line":88,"column":12},"end":{"line":88,"column":19}},{"start":{"line":88,"column":23},"end":{"line":88,"column":41}}],"line":88},"10":{"loc":{"start":{"line":103,"column":6},"end":{"line":105,"column":7}},"type":"if","locations":[{"start":{"line":103,"column":6},"end":{"line":105,"column":7}},{"start":{},"end":{}}],"line":103},"11":{"loc":{"start":{"line":109,"column":6},"end":{"line":116,"column":7}},"type":"if","locations":[{"start":{"line":109,"column":6},"end":{"line":116,"column":7}},{"start":{"line":114,"column":13},"end":{"line":116,"column":7}}],"line":109},"12":{"loc":{"start":{"line":109,"column":10},"end":{"line":109,"column":39}},"type":"binary-expr","locations":[{"start":{"line":109,"column":10},"end":{"line":109,"column":17}},{"start":{"line":109,"column":21},"end":{"line":109,"column":39}}],"line":109}},"s":{"0":1,"1":1,"2":1,"3":1,"4":1,"5":1,"6":1,"7":3,"8":3,"9":3,"10":1,"11":3,"12":2,"13":1,"14":1,"15":0,"16":1,"17":4,"18":4,"19":4,"20":4,"21":1,"22":3,"23":1,"24":2,"25":2,"26":1,"27":1,"28":0,"29":1,"30":3,"31":3,"32":1,"33":2,"34":2,"35":1,"36":1,"37":0,"38":1,"39":2,"40":2,"41":2,"42":2,"43":1,"44":1,"45":0,"46":1,"47":2,"48":2,"49":1,"50":1,"51":1,"52":1,"53":1,"54":0,"55":0,"56":1},"f":{"0":3,"1":4,"2":3,"3":2,"4":2},"b":{"0":[1,2],"1":[1,1],"2":[1,3],"3":[1,2],"4":[1,1],"5":[1,2],"6":[1,1],"7":[2,2],"8":[1,1],"9":[2,2],"10":[1,1],"11":[1,0],"12":[1,1]},"_coverageSchema":"1a1c01bbd47fc00a2c39e90264f33305004495a9","hash":"2d1c24a99df2af227fcf767e71dbb797ae351ce1"}
,"C:\\Users\\m\\Desktop\\ticket_reimbursement_system\\src\\controllers\\userController.js": {"path":"C:\\Users\\m\\Desktop\\ticket_reimbursement_system\\src\\controllers\\userController.js","statementMap":{"0":{"start":{"line":1,"column":16},"end":{"line":1,"column":34}},"1":{"start":{"line":2,"column":19},"end":{"line":2,"column":35}},"2":{"start":{"line":3,"column":20},"end":{"line":3,"column":54}},"3":{"start":{"line":4,"column":32},"end":{"line":4,"column":54}},"4":{"start":{"line":5,"column":15},"end":{"line":5,"column":40}},"5":{"start":{"line":7,"column":0},"end":{"line":21,"column":3}},"6":{"start":{"line":8,"column":4},"end":{"line":20,"column":5}},"7":{"start":{"line":9,"column":24},"end":{"line":9,"column":62}},"8":{"start":{"line":10,"column":8},"end":{"line":17,"column":9}},"9":{"start":{"line":11,"column":12},"end":{"line":14,"column":15}},"10":{"start":{"line":16,"column":12},"end":{"line":16,"column":70}},"11":{"start":{"line":19,"column":8},"end":{"line":19,"column":87}},"12":{"start":{"line":23,"column":0},"end":{"line":43,"column":3}},"13":{"start":{"line":24,"column":4},"end":{"line":42,"column":5}},"14":{"start":{"line":25,"column":39},"end":{"line":25,"column":47}},"15":{"start":{"line":26,"column":21},"end":{"line":26,"column":72}},"16":{"start":{"line":27,"column":8},"end":{"line":39,"column":9}},"17":{"start":{"line":29,"column":26},"end":{"line":32,"column":14}},"18":{"start":{"line":33,"column":12},"end":{"line":36,"column":15}},"19":{"start":{"line":38,"column":12},"end":{"line":38,"column":69}},"20":{"start":{"line":41,"column":8},"end":{"line":41,"column":87}},"21":{"start":{"line":45,"column":0},"end":{"line":45,"column":28}}},"fnMap":{"0":{"name":"(anonymous_0)","decl":{"start":{"line":7,"column":29},"end":{"line":7,"column":30}},"loc":{"start":{"line":7,"column":49},"end":{"line":21,"column":1}},"line":7},"1":{"name":"(anonymous_1)","decl":{"start":{"line":23,"column":21},"end":{"line":23,"column":22}},"loc":{"start":{"line":23,"column":41},"end":{"line":43,"column":1}},"line":23}},"branchMap":{"0":{"loc":{"start":{"line":10,"column":8},"end":{"line":17,"column":9}},"type":"if","locations":[{"start":{"line":10,"column":8},"end":{"line":17,"column":9}},{"start":{"line":15,"column":15},"end":{"line":17,"column":9}}],"line":10},"1":{"loc":{"start":{"line":27,"column":8},"end":{"line":39,"column":9}},"type":"if","locations":[{"start":{"line":27,"column":8},"end":{"line":39,"column":9}},{"start":{"line":37,"column":15},"end":{"line":39,"column":9}}],"line":27}},"s":{"0":1,"1":1,"2":1,"3":1,"4":1,"5":1,"6":1,"7":1,"8":1,"9":1,"10":0,"11":0,"12":1,"13":2,"14":2,"15":2,"16":2,"17":1,"18":1,"19":1,"20":0,"21":1},"f":{"0":1,"1":2},"b":{"0":[1,0],"1":[1,1]},"_coverageSchema":"1a1c01bbd47fc00a2c39e90264f33305004495a9","hash":"2316e07e9fdd4a2ce69b3ae3ca4433ef672e3b81"}
,"C:\\Users\\m\\Desktop\\ticket_reimbursement_system\\src\\repository\\ticketDAO.js": {"path":"C:\\Users\\m\\Desktop\\ticket_reimbursement_system\\src\\repository\\ticketDAO.js","statementMap":{"0":{"start":{"line":1,"column":27},"end":{"line":1,"column":62}},"1":{"start":{"line":7,"column":4},"end":{"line":7,"column":36}},"2":{"start":{"line":8,"column":15},"end":{"line":8,"column":40}},"3":{"start":{"line":10,"column":15},"end":{"line":10,"column":58}},"4":{"start":{"line":11,"column":23},"end":{"line":11,"column":58}},"5":{"start":{"line":13,"column":19},"end":{"line":13,"column":39}},"6":{"start":{"line":17,"column":21},"end":{"line":17,"column":45}},"7":{"start":{"line":18,"column":17},"end":{"line":30,"column":3}},"8":{"start":{"line":33,"column":2},"end":{"line":40,"column":3}},"9":{"start":{"line":34,"column":4},"end":{"line":34,"column":34}},"10":{"start":{"line":35,"column":4},"end":{"line":35,"column":54}},"11":{"start":{"line":36,"column":4},"end":{"line":36,"column":23}},"12":{"start":{"line":38,"column":4},"end":{"line":38,"column":22}},"13":{"start":{"line":39,"column":4},"end":{"line":39,"column":16}},"14":{"start":{"line":44,"column":17},"end":{"line":55,"column":3}},"15":{"start":{"line":57,"column":2},"end":{"line":63,"column":3}},"16":{"start":{"line":58,"column":19},"end":{"line":58,"column":71}},"17":{"start":{"line":59,"column":4},"end":{"line":59,"column":29}},"18":{"start":{"line":61,"column":4},"end":{"line":61,"column":22}},"19":{"start":{"line":62,"column":4},"end":{"line":62,"column":16}},"20":{"start":{"line":67,"column":17},"end":{"line":77,"column":3}},"21":{"start":{"line":79,"column":2},"end":{"line":85,"column":3}},"22":{"start":{"line":80,"column":19},"end":{"line":80,"column":70}},"23":{"start":{"line":81,"column":4},"end":{"line":81,"column":24}},"24":{"start":{"line":83,"column":4},"end":{"line":83,"column":22}},"25":{"start":{"line":84,"column":4},"end":{"line":84,"column":16}},"26":{"start":{"line":89,"column":17},"end":{"line":96,"column":3}},"27":{"start":{"line":98,"column":2},"end":{"line":104,"column":3}},"28":{"start":{"line":99,"column":19},"end":{"line":99,"column":70}},"29":{"start":{"line":100,"column":4},"end":{"line":100,"column":24}},"30":{"start":{"line":102,"column":4},"end":{"line":102,"column":22}},"31":{"start":{"line":103,"column":4},"end":{"line":103,"column":16}},"32":{"start":{"line":109,"column":0},"end":{"line":115,"column":2}}},"fnMap":{"0":{"name":"createTicket","decl":{"start":{"line":16,"column":15},"end":{"line":16,"column":27}},"loc":{"start":{"line":16,"column":36},"end":{"line":41,"column":1}},"line":16},"1":{"name":"updateTicketStatus","decl":{"start":{"line":43,"column":15},"end":{"line":43,"column":33}},"loc":{"start":{"line":43,"column":66},"end":{"line":64,"column":1}},"line":43},"2":{"name":"getPendingTickets","decl":{"start":{"line":66,"column":15},"end":{"line":66,"column":32}},"loc":{"start":{"line":66,"column":35},"end":{"line":86,"column":1}},"line":66},"3":{"name":"getTicketsByUser","decl":{"start":{"line":88,"column":15},"end":{"line":88,"column":31}},"loc":{"start":{"line":88,"column":42},"end":{"line":105,"column":1}},"line":88}},"branchMap":{},"s":{"0":3,"1":3,"2":3,"3":3,"4":3,"5":3,"6":3,"7":3,"8":3,"9":3,"10":3,"11":1,"12":1,"13":1,"14":2,"15":2,"16":2,"17":1,"18":1,"19":1,"20":2,"21":2,"22":2,"23":1,"24":1,"25":1,"26":2,"27":2,"28":2,"29":1,"30":1,"31":1,"32":3},"f":{"0":3,"1":2,"2":2,"3":2},"b":{},"_coverageSchema":"1a1c01bbd47fc00a2c39e90264f33305004495a9","hash":"b90a95facd70fc3793b107e336ee96b04a2c7e60"}
,"C:\\Users\\m\\Desktop\\ticket_reimbursement_system\\src\\repository\\userDAO.js": {"path":"C:\\Users\\m\\Desktop\\ticket_reimbursement_system\\src\\repository\\userDAO.js","statementMap":{"0":{"start":{"line":1,"column":27},"end":{"line":1,"column":62}},"1":{"start":{"line":2,"column":103},"end":{"line":2,"column":135}},"2":{"start":{"line":3,"column":15},"end":{"line":3,"column":40}},"3":{"start":{"line":4,"column":15},"end":{"line":4,"column":58}},"4":{"start":{"line":6,"column":23},"end":{"line":6,"column":58}},"5":{"start":{"line":8,"column":19},"end":{"line":8,"column":39}},"6":{"start":{"line":12,"column":17},"end":{"line":26,"column":3}},"7":{"start":{"line":27,"column":2},"end":{"line":33,"column":3}},"8":{"start":{"line":28,"column":4},"end":{"line":28,"column":54}},"9":{"start":{"line":29,"column":4},"end":{"line":29,"column":23}},"10":{"start":{"line":31,"column":4},"end":{"line":31,"column":22}},"11":{"start":{"line":32,"column":4},"end":{"line":32,"column":15}},"12":{"start":{"line":38,"column":17},"end":{"line":44,"column":3}},"13":{"start":{"line":45,"column":2},"end":{"line":51,"column":3}},"14":{"start":{"line":46,"column":19},"end":{"line":46,"column":68}},"15":{"start":{"line":47,"column":4},"end":{"line":47,"column":23}},"16":{"start":{"line":49,"column":4},"end":{"line":49,"column":22}},"17":{"start":{"line":50,"column":4},"end":{"line":50,"column":16}},"18":{"start":{"line":54,"column":0},"end":{"line":57,"column":2}}},"fnMap":{"0":{"name":"createUser","decl":{"start":{"line":11,"column":15},"end":{"line":11,"column":25}},"loc":{"start":{"line":11,"column":32},"end":{"line":35,"column":1}},"line":11},"1":{"name":"getUserByUsername","decl":{"start":{"line":37,"column":15},"end":{"line":37,"column":32}},"loc":{"start":{"line":37,"column":43},"end":{"line":52,"column":1}},"line":37}},"branchMap":{},"s":{"0":2,"1":2,"2":2,"3":2,"4":2,"5":2,"6":0,"7":0,"8":0,"9":0,"10":0,"11":0,"12":0,"13":0,"14":0,"15":0,"16":0,"17":0,"18":2},"f":{"0":0,"1":0},"b":{},"_coverageSchema":"1a1c01bbd47fc00a2c39e90264f33305004495a9","hash":"ebf37c60eefcb1885e2a51127c7775c7763dcde0"}
,"C:\\Users\\m\\Desktop\\ticket_reimbursement_system\\src\\services\\ticketService.js": {"path":"C:\\Users\\m\\Desktop\\ticket_reimbursement_system\\src\\services\\ticketService.js","statementMap":{"0":{"start":{"line":1,"column":18},"end":{"line":1,"column":52}},"1":{"start":{"line":2,"column":13},"end":{"line":2,"column":28}},"2":{"start":{"line":4,"column":22},"end":{"line":4,"column":55}},"3":{"start":{"line":7,"column":4},"end":{"line":9,"column":5}},"4":{"start":{"line":8,"column":8},"end":{"line":8,"column":20}},"5":{"start":{"line":10,"column":21},"end":{"line":10,"column":30}},"6":{"start":{"line":12,"column":22},"end":{"line":17,"column":5}},"7":{"start":{"line":18,"column":19},"end":{"line":18,"column":58}},"8":{"start":{"line":19,"column":4},"end":{"line":19,"column":18}},"9":{"start":{"line":23,"column":4},"end":{"line":25,"column":5}},"10":{"start":{"line":24,"column":8},"end":{"line":24,"column":20}},"11":{"start":{"line":26,"column":20},"end":{"line":26,"column":62}},"12":{"start":{"line":27,"column":4},"end":{"line":27,"column":19}},"13":{"start":{"line":31,"column":4},"end":{"line":33,"column":5}},"14":{"start":{"line":32,"column":8},"end":{"line":32,"column":20}},"15":{"start":{"line":34,"column":4},"end":{"line":36,"column":5}},"16":{"start":{"line":35,"column":8},"end":{"line":35,"column":20}},"17":{"start":{"line":38,"column":4},"end":{"line":44,"column":5}},"18":{"start":{"line":39,"column":30},"end":{"line":39,"column":96}},"19":{"start":{"line":40,"column":8},"end":{"line":40,"column":29}},"20":{"start":{"line":42,"column":8},"end":{"line":42,"column":60}},"21":{"start":{"line":43,"column":8},"end":{"line":43,"column":20}},"22":{"start":{"line":48,"column":4},"end":{"line":54,"column":5}},"23":{"start":{"line":49,"column":24},"end":{"line":49,"column":59}},"24":{"start":{"line":50,"column":8},"end":{"line":50,"column":23}},"25":{"start":{"line":52,"column":8},"end":{"line":52,"column":81}},"26":{"start":{"line":53,"column":8},"end":{"line":53,"column":20}},"27":{"start":{"line":59,"column":0},"end":{"line":64,"column":2}}},"fnMap":{"0":{"name":"createTicket","decl":{"start":{"line":6,"column":15},"end":{"line":6,"column":27}},"loc":{"start":{"line":6,"column":36},"end":{"line":20,"column":1}},"line":6},"1":{"name":"getTicketsByUser","decl":{"start":{"line":22,"column":15},"end":{"line":22,"column":31}},"loc":{"start":{"line":22,"column":42},"end":{"line":28,"column":1}},"line":22},"2":{"name":"updateTicketStatus","decl":{"start":{"line":30,"column":15},"end":{"line":30,"column":33}},"loc":{"start":{"line":30,"column":66},"end":{"line":45,"column":1}},"line":30},"3":{"name":"getPendingTickets","decl":{"start":{"line":47,"column":15},"end":{"line":47,"column":32}},"loc":{"start":{"line":47,"column":35},"end":{"line":55,"column":1}},"line":47}},"branchMap":{"0":{"loc":{"start":{"line":7,"column":4},"end":{"line":9,"column":5}},"type":"if","locations":[{"start":{"line":7,"column":4},"end":{"line":9,"column":5}},{"start":{},"end":{}}],"line":7},"1":{"loc":{"start":{"line":7,"column":8},"end":{"line":7,"column":65}},"type":"binary-expr","locations":[{"start":{"line":7,"column":8},"end":{"line":7,"column":24}},{"start":{"line":7,"column":28},"end":{"line":7,"column":42}},{"start":{"line":7,"column":46},"end":{"line":7,"column":65}}],"line":7},"2":{"loc":{"start":{"line":23,"column":4},"end":{"line":25,"column":5}},"type":"if","locations":[{"start":{"line":23,"column":4},"end":{"line":25,"column":5}},{"start":{},"end":{}}],"line":23},"3":{"loc":{"start":{"line":31,"column":4},"end":{"line":33,"column":5}},"type":"if","locations":[{"start":{"line":31,"column":4},"end":{"line":33,"column":5}},{"start":{},"end":{}}],"line":31},"4":{"loc":{"start":{"line":31,"column":8},"end":{"line":31,"column":45}},"type":"binary-expr","locations":[{"start":{"line":31,"column":8},"end":{"line":31,"column":17}},{"start":{"line":31,"column":21},"end":{"line":31,"column":31}},{"start":{"line":31,"column":35},"end":{"line":31,"column":45}}],"line":31},"5":{"loc":{"start":{"line":34,"column":4},"end":{"line":36,"column":5}},"type":"if","locations":[{"start":{"line":34,"column":4},"end":{"line":36,"column":5}},{"start":{},"end":{}}],"line":34}},"s":{"0":2,"1":2,"2":2,"3":3,"4":1,"5":2,"6":2,"7":2,"8":1,"9":1,"10":0,"11":1,"12":1,"13":3,"14":1,"15":2,"16":1,"17":1,"18":1,"19":1,"20":0,"21":0,"22":2,"23":2,"24":1,"25":1,"26":1,"27":2},"f":{"0":3,"1":1,"2":3,"3":2},"b":{"0":[1,2],"1":[3,3,3],"2":[0,1],"3":[1,2],"4":[3,2,2],"5":[1,1]},"_coverageSchema":"1a1c01bbd47fc00a2c39e90264f33305004495a9","hash":"2dc77d163ba793601d9dc41ac8766ba66edcc7d7"}
,"C:\\Users\\m\\Desktop\\ticket_reimbursement_system\\src\\services\\userService.js": {"path":"C:\\Users\\m\\Desktop\\ticket_reimbursement_system\\src\\services\\userService.js","statementMap":{"0":{"start":{"line":1,"column":16},"end":{"line":1,"column":48}},"1":{"start":{"line":3,"column":15},"end":{"line":3,"column":34}},"2":{"start":{"line":6,"column":23},"end":{"line":6,"column":25}},"3":{"start":{"line":7,"column":27},"end":{"line":7,"column":71}},"4":{"start":{"line":9,"column":4},"end":{"line":17,"column":5}},"5":{"start":{"line":10,"column":21},"end":{"line":13,"column":10}},"6":{"start":{"line":14,"column":8},"end":{"line":14,"column":20}},"7":{"start":{"line":16,"column":8},"end":{"line":16,"column":20}},"8":{"start":{"line":21,"column":17},"end":{"line":21,"column":50}},"9":{"start":{"line":22,"column":4},"end":{"line":26,"column":5}},"10":{"start":{"line":23,"column":8},"end":{"line":23,"column":20}},"11":{"start":{"line":25,"column":8},"end":{"line":25,"column":20}},"12":{"start":{"line":30,"column":4},"end":{"line":39,"column":5}},"13":{"start":{"line":31,"column":21},"end":{"line":31,"column":62}},"14":{"start":{"line":32,"column":8},"end":{"line":36,"column":9}},"15":{"start":{"line":33,"column":12},"end":{"line":33,"column":24}},"16":{"start":{"line":35,"column":12},"end":{"line":35,"column":24}},"17":{"start":{"line":38,"column":8},"end":{"line":38,"column":20}},"18":{"start":{"line":42,"column":27},"end":{"line":42,"column":51}},"19":{"start":{"line":43,"column":27},"end":{"line":43,"column":51}},"20":{"start":{"line":44,"column":4},"end":{"line":44,"column":46}},"21":{"start":{"line":47,"column":0},"end":{"line":51,"column":1}}},"fnMap":{"0":{"name":"createUser","decl":{"start":{"line":5,"column":15},"end":{"line":5,"column":25}},"loc":{"start":{"line":5,"column":32},"end":{"line":18,"column":1}},"line":5},"1":{"name":"validateLogin","decl":{"start":{"line":20,"column":15},"end":{"line":20,"column":28}},"loc":{"start":{"line":20,"column":49},"end":{"line":27,"column":1}},"line":20},"2":{"name":"getUserByUsername","decl":{"start":{"line":29,"column":15},"end":{"line":29,"column":32}},"loc":{"start":{"line":29,"column":43},"end":{"line":40,"column":1}},"line":29},"3":{"name":"validateUser","decl":{"start":{"line":41,"column":9},"end":{"line":41,"column":21}},"loc":{"start":{"line":41,"column":28},"end":{"line":45,"column":1}},"line":41}},"branchMap":{"0":{"loc":{"start":{"line":9,"column":4},"end":{"line":17,"column":5}},"type":"if","locations":[{"start":{"line":9,"column":4},"end":{"line":17,"column":5}},{"start":{"line":15,"column":11},"end":{"line":17,"column":5}}],"line":9},"1":{"loc":{"start":{"line":22,"column":4},"end":{"line":26,"column":5}},"type":"if","locations":[{"start":{"line":22,"column":4},"end":{"line":26,"column":5}},{"start":{"line":24,"column":11},"end":{"line":26,"column":5}}],"line":22},"2":{"loc":{"start":{"line":22,"column":8},"end":{"line":22,"column":63}},"type":"binary-expr","locations":[{"start":{"line":22,"column":8},"end":{"line":22,"column":12}},{"start":{"line":22,"column":17},"end":{"line":22,"column":62}}],"line":22},"3":{"loc":{"start":{"line":30,"column":4},"end":{"line":39,"column":5}},"type":"if","locations":[{"start":{"line":30,"column":4},"end":{"line":39,"column":5}},{"start":{"line":37,"column":11},"end":{"line":39,"column":5}}],"line":30},"4":{"loc":{"start":{"line":32,"column":8},"end":{"line":36,"column":9}},"type":"if","locations":[{"start":{"line":32,"column":8},"end":{"line":36,"column":9}},{"start":{"line":34,"column":15},"end":{"line":36,"column":9}}],"line":32},"5":{"loc":{"start":{"line":44,"column":12},"end":{"line":44,"column":44}},"type":"binary-expr","locations":[{"start":{"line":44,"column":12},"end":{"line":44,"column":26}},{"start":{"line":44,"column":30},"end":{"line":44,"column":44}}],"line":44}},"s":{"0":2,"1":2,"2":2,"3":2,"4":2,"5":1,"6":1,"7":1,"8":3,"9":3,"10":1,"11":2,"12":6,"13":5,"14":5,"15":3,"16":2,"17":1,"18":2,"19":2,"20":2,"21":2},"f":{"0":2,"1":3,"2":6,"3":2},"b":{"0":[1,1],"1":[1,2],"2":[3,2],"3":[5,1],"4":[3,2],"5":[2,1]},"_coverageSchema":"1a1c01bbd47fc00a2c39e90264f33305004495a9","hash":"68a3ef0d57e2f3235eef68f7b8e869803c7b2e17"}
,"C:\\Users\\m\\Desktop\\ticket_reimbursement_system\\src\\util\\jwt.js": {"path":"C:\\Users\\m\\Desktop\\ticket_reimbursement_system\\src\\util\\jwt.js","statementMap":{"0":{"start":{"line":1,"column":12},"end":{"line":1,"column":35}},"1":{"start":{"line":2,"column":15},"end":{"line":2,"column":34}},"2":{"start":{"line":4,"column":18},"end":{"line":4,"column":33}},"3":{"start":{"line":8,"column":23},"end":{"line":8,"column":51}},"4":{"start":{"line":9,"column":18},"end":{"line":9,"column":56}},"5":{"start":{"line":11,"column":4},"end":{"line":17,"column":5}},"6":{"start":{"line":12,"column":8},"end":{"line":12,"column":62}},"7":{"start":{"line":14,"column":21},"end":{"line":14,"column":43}},"8":{"start":{"line":15,"column":8},"end":{"line":15,"column":24}},"9":{"start":{"line":16,"column":8},"end":{"line":16,"column":15}},"10":{"start":{"line":21,"column":4},"end":{"line":26,"column":5}},"11":{"start":{"line":22,"column":21},"end":{"line":22,"column":55}},"12":{"start":{"line":23,"column":8},"end":{"line":23,"column":20}},"13":{"start":{"line":25,"column":8},"end":{"line":25,"column":26}},"14":{"start":{"line":30,"column":4},"end":{"line":30,"column":60}},"15":{"start":{"line":33,"column":0},"end":{"line":36,"column":1}}},"fnMap":{"0":{"name":"authenticateToken","decl":{"start":{"line":6,"column":15},"end":{"line":6,"column":32}},"loc":{"start":{"line":6,"column":49},"end":{"line":18,"column":1}},"line":6},"1":{"name":"decodeJWT","decl":{"start":{"line":20,"column":15},"end":{"line":20,"column":24}},"loc":{"start":{"line":20,"column":32},"end":{"line":27,"column":1}},"line":20},"2":{"name":"generateAccessToken","decl":{"start":{"line":29,"column":9},"end":{"line":29,"column":28}},"loc":{"start":{"line":29,"column":38},"end":{"line":31,"column":1}},"line":29}},"branchMap":{"0":{"loc":{"start":{"line":9,"column":18},"end":{"line":9,"column":56}},"type":"binary-expr","locations":[{"start":{"line":9,"column":18},"end":{"line":9,"column":28}},{"start":{"line":9,"column":32},"end":{"line":9,"column":56}}],"line":9},"1":{"loc":{"start":{"line":11,"column":4},"end":{"line":17,"column":5}},"type":"if","locations":[{"start":{"line":11,"column":4},"end":{"line":17,"column":5}},{"start":{"line":13,"column":11},"end":{"line":17,"column":5}}],"line":11}},"s":{"0":1,"1":1,"2":1,"3":0,"4":0,"5":0,"6":0,"7":0,"8":0,"9":0,"10":0,"11":0,"12":0,"13":0,"14":0,"15":1},"f":{"0":0,"1":0,"2":0},"b":{"0":[0,0],"1":[0,0]},"_coverageSchema":"1a1c01bbd47fc00a2c39e90264f33305004495a9","hash":"5f8eb2b8206a426de72b3d3f90c1194413bb40a5"}
,"C:\\Users\\m\\Desktop\\ticket_reimbursement_system\\src\\util\\logger.js": {"path":"C:\\Users\\m\\Desktop\\ticket_reimbursement_system\\src\\util\\logger.js","statementMap":{"0":{"start":{"line":1,"column":45},"end":{"line":1,"column":63}},"1":{"start":{"line":3,"column":15},"end":{"line":14,"column":2}},"2":{"start":{"line":7,"column":12},"end":{"line":7,"column":57}},"3":{"start":{"line":16,"column":0},"end":{"line":16,"column":24}}},"fnMap":{"0":{"name":"(anonymous_0)","decl":{"start":{"line":6,"column":22},"end":{"line":6,"column":23}},"loc":{"start":{"line":6,"column":57},"end":{"line":8,"column":9}},"line":6}},"branchMap":{},"s":{"0":7,"1":7,"2":7,"3":7},"f":{"0":7},"b":{},"_coverageSchema":"1a1c01bbd47fc00a2c39e90264f33305004495a9","hash":"0d5b7472c81a72d129a7953237a0c438654f20d0"}
}
