TN:
SF:controllers\ticketController.js
FN:10,(anonymous_0)
FN:35,(anonymous_1)
FN:62,(anonymous_2)
FN:84,(anonymous_3)
FN:101,(anonymous_4)
FNF:5
FNH:5
FNDA:3,(anonymous_0)
FNDA:4,(anonymous_1)
FNDA:3,(anonymous_2)
FNDA:2,(anonymous_3)
FNDA:2,(anonymous_4)
DA:1,1
DA:2,1
DA:3,1
DA:4,1
DA:6,1
DA:8,1
DA:10,1
DA:11,3
DA:12,3
DA:14,3
DA:15,1
DA:18,3
DA:19,2
DA:20,1
DA:25,1
DA:28,0
DA:35,1
DA:36,4
DA:37,4
DA:38,4
DA:40,4
DA:41,1
DA:44,3
DA:45,1
DA:48,2
DA:49,2
DA:50,1
DA:55,1
DA:58,0
DA:62,1
DA:63,3
DA:65,3
DA:66,1
DA:69,2
DA:71,2
DA:72,1
DA:77,1
DA:80,0
DA:84,1
DA:85,2
DA:86,2
DA:87,2
DA:88,2
DA:89,1
DA:94,1
DA:97,0
DA:101,1
DA:102,2
DA:103,2
DA:104,1
DA:107,1
DA:108,1
DA:109,1
DA:110,1
DA:115,0
DA:118,0
DA:123,1
LF:57
LH:51
BRDA:14,0,0,1
BRDA:14,0,1,2
BRDA:19,1,0,1
BRDA:19,1,1,1
BRDA:40,2,0,1
BRDA:40,2,1,3
BRDA:44,3,0,1
BRDA:44,3,1,2
BRDA:49,4,0,1
BRDA:49,4,1,1
BRDA:65,5,0,1
BRDA:65,5,1,2
BRDA:71,6,0,1
BRDA:71,6,1,1
BRDA:71,7,0,2
BRDA:71,7,1,2
BRDA:88,8,0,1
BRDA:88,8,1,1
BRDA:88,9,0,2
BRDA:88,9,1,2
BRDA:103,10,0,1
BRDA:103,10,1,1
BRDA:109,11,0,1
BRDA:109,11,1,0
BRDA:109,12,0,1
BRDA:109,12,1,1
BRF:26
BRH:25
end_of_record
TN:
SF:controllers\userController.js
FN:7,(anonymous_0)
FN:23,(anonymous_1)
FNF:2
FNH:2
FNDA:1,(anonymous_0)
FNDA:2,(anonymous_1)
DA:1,1
DA:2,1
DA:3,1
DA:4,1
DA:5,1
DA:7,1
DA:8,1
DA:9,1
DA:10,1
DA:11,1
DA:16,0
DA:19,0
DA:23,1
DA:24,2
DA:25,2
DA:26,2
DA:27,2
DA:29,1
DA:33,1
DA:38,1
DA:41,0
DA:45,1
LF:22
LH:19
BRDA:10,0,0,1
BRDA:10,0,1,0
BRDA:27,1,0,1
BRDA:27,1,1,1
BRF:4
BRH:3
end_of_record
TN:
SF:repository\ticketDAO.js
FN:16,createTicket
FN:43,updateTicketStatus
FN:66,getPendingTickets
FN:88,getTicketsByUser
FNF:4
FNH:4
FNDA:3,createTicket
FNDA:2,updateTicketStatus
FNDA:2,getPendingTickets
FNDA:2,getTicketsByUser
DA:1,3
DA:7,3
DA:8,3
DA:10,3
DA:11,3
DA:13,3
DA:17,3
DA:18,3
DA:33,3
DA:34,3
DA:35,3
DA:36,1
DA:38,1
DA:39,1
DA:44,2
DA:57,2
DA:58,2
DA:59,1
DA:61,1
DA:62,1
DA:67,2
DA:79,2
DA:80,2
DA:81,1
DA:83,1
DA:84,1
DA:89,2
DA:98,2
DA:99,2
DA:100,1
DA:102,1
DA:103,1
DA:109,3
LF:33
LH:33
BRF:0
BRH:0
end_of_record
TN:
SF:repository\userDAO.js
FN:11,createUser
FN:37,getUserByUsername
FNF:2
FNH:0
FNDA:0,createUser
FNDA:0,getUserByUsername
DA:1,2
DA:2,2
DA:3,2
DA:4,2
DA:6,2
DA:8,2
DA:12,0
DA:27,0
DA:28,0
DA:29,0
DA:31,0
DA:32,0
DA:38,0
DA:45,0
DA:46,0
DA:47,0
DA:49,0
DA:50,0
DA:54,2
LF:19
LH:7
BRF:0
BRH:0
end_of_record
TN:
SF:services\ticketService.js
FN:6,createTicket
FN:22,getTicketsByUser
FN:30,updateTicketStatus
FN:47,getPendingTickets
FNF:4
FNH:4
FNDA:3,createTicket
FNDA:1,getTicketsByUser
FNDA:3,updateTicketStatus
FNDA:2,getPendingTickets
DA:1,2
DA:2,2
DA:4,2
DA:7,3
DA:8,1
DA:10,2
DA:12,2
DA:18,2
DA:19,1
DA:23,1
DA:24,0
DA:26,1
DA:27,1
DA:31,3
DA:32,1
DA:34,2
DA:35,1
DA:38,1
DA:39,1
DA:40,1
DA:42,0
DA:43,0
DA:48,2
DA:49,2
DA:50,1
DA:52,1
DA:53,1
DA:59,2
LF:28
LH:25
BRDA:7,0,0,1
BRDA:7,0,1,2
BRDA:7,1,0,3
BRDA:7,1,1,3
BRDA:7,1,2,3
BRDA:23,2,0,0
BRDA:23,2,1,1
BRDA:31,3,0,1
BRDA:31,3,1,2
BRDA:31,4,0,3
BRDA:31,4,1,2
BRDA:31,4,2,2
BRDA:34,5,0,1
BRDA:34,5,1,1
BRF:14
BRH:13
end_of_record
TN:
SF:services\userService.js
FN:5,createUser
FN:20,validateLogin
FN:29,getUserByUsername
FN:41,validateUser
FNF:4
FNH:4
FNDA:2,createUser
FNDA:3,validateLogin
FNDA:6,getUserByUsername
FNDA:2,validateUser
DA:1,2
DA:3,2
DA:6,2
DA:7,2
DA:9,2
DA:10,1
DA:14,1
DA:16,1
DA:21,3
DA:22,3
DA:23,1
DA:25,2
DA:30,6
DA:31,5
DA:32,5
DA:33,3
DA:35,2
DA:38,1
DA:42,2
DA:43,2
DA:44,2
DA:47,2
LF:22
LH:22
BRDA:9,0,0,1
BRDA:9,0,1,1
BRDA:22,1,0,1
BRDA:22,1,1,2
BRDA:22,2,0,3
BRDA:22,2,1,2
BRDA:30,3,0,5
BRDA:30,3,1,1
BRDA:32,4,0,3
BRDA:32,4,1,2
BRDA:44,5,0,2
BRDA:44,5,1,1
BRF:12
BRH:12
end_of_record
TN:
SF:util\jwt.js
FN:6,authenticateToken
FN:20,decodeJWT
FN:29,generateAccessToken
FNF:3
FNH:0
FNDA:0,authenticateToken
FNDA:0,decodeJWT
FNDA:0,generateAccessToken
DA:1,1
DA:2,1
DA:4,1
DA:8,0
DA:9,0
DA:11,0
DA:12,0
DA:14,0
DA:15,0
DA:16,0
DA:21,0
DA:22,0
DA:23,0
DA:25,0
DA:30,0
DA:33,1
LF:16
LH:4
BRDA:9,0,0,0
BRDA:9,0,1,0
BRDA:11,1,0,0
BRDA:11,1,1,0
BRF:4
BRH:0
end_of_record
TN:
SF:util\logger.js
FN:6,(anonymous_0)
FNF:1
FNH:1
FNDA:7,(anonymous_0)
DA:1,7
DA:3,7
DA:7,7
DA:16,7
LF:4
LH:4
BRF:0
BRH:0
end_of_record
